/home/am/local/gnat_arm_elf_12.2.1_9be2ca0e/arm-eabi/lib/gnat/light-tasking-stm32f4/gnat/system.ads
/home/am/WORK/github/stm32f4_ada_tuto/07_USART_with_spark/src/arch/board.adb
/home/am/WORK/github/stm32f4_ada_tuto/07_USART_with_spark/src/arch/board.ads
/home/am/WORK/github/stm32f4_ada_tuto/Ada_Drivers_Library/arch/ARM/STM32/drivers/stm32.ads
/home/am/local/gnat_arm_elf_12.2.1_9be2ca0e/arm-eabi/lib/gnat/light-tasking-stm32f4/gnat/interfac.ads
/home/am/WORK/github/stm32f4_ada_tuto/Ada_Drivers_Library/hal/src/hal.ads
/home/am/WORK/github/stm32f4_ada_tuto/Ada_Drivers_Library/boards/stm32_common/stm32f407disco/stm32-board.ads
/home/am/WORK/github/stm32f4_ada_tuto/Ada_Drivers_Library/arch/ARM/STM32/devices/stm32f40x/stm32-device.ads
/home/am/WORK/github/stm32f4_ada_tuto/Ada_Drivers_Library/arch/ARM/STM32/svd/stm32f40x/stm32_svd.ads
/home/am/WORK/github/stm32f4_ada_tuto/Ada_Drivers_Library/arch/ARM/STM32/svd/stm32f40x/stm32_svd-sdio.ads
/home/am/WORK/github/stm32f4_ada_tuto/Ada_Drivers_Library/arch/ARM/STM32/drivers/dma/stm32-dma.ads
/home/am/local/gnat_arm_elf_12.2.1_9be2ca0e/arm-eabi/lib/gnat/light-tasking-stm32f4/gnat/ada.ads
/home/am/local/gnat_arm_elf_12.2.1_9be2ca0e/arm-eabi/lib/gnat/light-tasking-stm32f4/gnarl/a-reatim.ads
/home/am/local/gnat_arm_elf_12.2.1_9be2ca0e/arm-eabi/lib/gnat/light-tasking-stm32f4/gnarl/s-osinte.ads
/home/am/local/gnat_arm_elf_12.2.1_9be2ca0e/arm-eabi/lib/gnat/light-tasking-stm32f4/gnarl/s-multip.ads
/home/am/local/gnat_arm_elf_12.2.1_9be2ca0e/arm-eabi/lib/gnat/light-tasking-stm32f4/gnat/s-bb.ads
/home/am/local/gnat_arm_elf_12.2.1_9be2ca0e/arm-eabi/lib/gnat/light-tasking-stm32f4/gnat/s-bbpara.ads
/home/am/local/gnat_arm_elf_12.2.1_9be2ca0e/arm-eabi/lib/gnat/light-tasking-stm32f4/gnat/s-stm32.ads
/home/am/local/gnat_arm_elf_12.2.1_9be2ca0e/arm-eabi/lib/gnat/light-tasking-stm32f4/gnat/i-stm32.ads
/home/am/local/gnat_arm_elf_12.2.1_9be2ca0e/arm-eabi/lib/gnat/light-tasking-stm32f4/gnat/s-bbbopa.ads
/home/am/local/gnat_arm_elf_12.2.1_9be2ca0e/arm-eabi/lib/gnat/light-tasking-stm32f4/gnat/s-bbmcpa.ads
/home/am/local/gnat_arm_elf_12.2.1_9be2ca0e/arm-eabi/lib/gnat/light-tasking-stm32f4/gnat/i-stm32-pwr.ads
/home/am/local/gnat_arm_elf_12.2.1_9be2ca0e/arm-eabi/lib/gnat/light-tasking-stm32f4/gnat/s-stoele.ads
/home/am/local/gnat_arm_elf_12.2.1_9be2ca0e/arm-eabi/lib/gnat/light-tasking-stm32f4/gnarl/s-bbthre.ads
/home/am/local/gnat_arm_elf_12.2.1_9be2ca0e/arm-eabi/lib/gnat/light-tasking-stm32f4/gnarl/s-bbcppr.ads
/home/am/local/gnat_arm_elf_12.2.1_9be2ca0e/arm-eabi/lib/gnat/light-tasking-stm32f4/gnarl/s-bbtime.ads
/home/am/local/gnat_arm_elf_12.2.1_9be2ca0e/arm-eabi/lib/gnat/light-tasking-stm32f4/gnarl/s-bbbosu.ads
/home/am/local/gnat_arm_elf_12.2.1_9be2ca0e/arm-eabi/lib/gnat/light-tasking-stm32f4/gnarl/s-bbinte.ads
/home/am/local/gnat_arm_elf_12.2.1_9be2ca0e/arm-eabi/lib/gnat/light-tasking-stm32f4/gnarl/s-bbthqu.ads
/home/am/WORK/github/stm32f4_ada_tuto/Ada_Drivers_Library/arch/ARM/STM32/svd/stm32f40x/stm32_svd-dma.ads
/home/am/WORK/github/stm32f4_ada_tuto/Ada_Drivers_Library/arch/ARM/STM32/drivers/stm32-gpio.ads
/home/am/WORK/github/stm32f4_ada_tuto/Ada_Drivers_Library/arch/ARM/STM32/svd/stm32f40x/stm32_svd-gpio.ads
/home/am/WORK/github/stm32f4_ada_tuto/Ada_Drivers_Library/arch/ARM/STM32/drivers/stm32-exti.ads
/home/am/WORK/github/stm32f4_ada_tuto/Ada_Drivers_Library/hal/src/hal-gpio.ads
/home/am/WORK/github/stm32f4_ada_tuto/Ada_Drivers_Library/arch/ARM/STM32/drivers/stm32-adc.ads
/home/am/WORK/github/stm32f4_ada_tuto/Ada_Drivers_Library/arch/ARM/STM32/svd/stm32f40x/stm32_svd-adc.ads
/home/am/WORK/github/stm32f4_ada_tuto/Ada_Drivers_Library/arch/ARM/STM32/drivers/uart_stm32f4/stm32-usarts.ads
/home/am/WORK/github/stm32f4_ada_tuto/Ada_Drivers_Library/hal/src/hal-uart.ads
/home/am/WORK/github/stm32f4_ada_tuto/Ada_Drivers_Library/arch/ARM/STM32/svd/stm32f40x/stm32_svd-usart.ads
/home/am/WORK/github/stm32f4_ada_tuto/Ada_Drivers_Library/arch/ARM/STM32/drivers/stm32-spi.ads
/home/am/WORK/github/stm32f4_ada_tuto/Ada_Drivers_Library/arch/ARM/STM32/svd/stm32f40x/stm32_svd-spi.ads
/home/am/WORK/github/stm32f4_ada_tuto/Ada_Drivers_Library/hal/src/hal-spi.ads
/home/am/WORK/github/stm32f4_ada_tuto/Ada_Drivers_Library/arch/ARM/STM32/drivers/stm32-spi-dma.ads
/home/am/WORK/github/stm32f4_ada_tuto/Ada_Drivers_Library/arch/ARM/STM32/drivers/dma_interrupts/stm32-dma-interrupts.ads
/home/am/local/gnat_arm_elf_12.2.1_9be2ca0e/arm-eabi/lib/gnat/light-tasking-stm32f4/gnarl/a-interr.ads
/home/am/local/gnat_arm_elf_12.2.1_9be2ca0e/arm-eabi/lib/gnat/light-tasking-stm32f4/gnarl/s-interr.ads
/home/am/local/gnat_arm_elf_12.2.1_9be2ca0e/arm-eabi/lib/gnat/light-tasking-stm32f4/gnarl/a-taside.ads
/home/am/local/gnat_arm_elf_12.2.1_9be2ca0e/arm-eabi/lib/gnat/light-tasking-stm32f4/gnarl/s-taskin.ads
/home/am/local/gnat_arm_elf_12.2.1_9be2ca0e/arm-eabi/lib/gnat/light-tasking-stm32f4/gnat/a-unccon.ads
/home/am/local/gnat_arm_elf_12.2.1_9be2ca0e/arm-eabi/lib/gnat/light-tasking-stm32f4/gnat/s-parame.ads
/home/am/local/gnat_arm_elf_12.2.1_9be2ca0e/arm-eabi/lib/gnat/light-tasking-stm32f4/gnat/s-secsta.ads
/home/am/local/gnat_arm_elf_12.2.1_9be2ca0e/arm-eabi/lib/gnat/light-tasking-stm32f4/gnarl/s-tasinf.ads
/home/am/local/gnat_arm_elf_12.2.1_9be2ca0e/arm-eabi/lib/gnat/light-tasking-stm32f4/gnarl/s-taspri.ads
/home/am/WORK/github/stm32f4_ada_tuto/Ada_Drivers_Library/arch/ARM/STM32/drivers/stm32-i2s.ads
/home/am/WORK/github/stm32f4_ada_tuto/Ada_Drivers_Library/hal/src/hal-audio.ads
/home/am/WORK/github/stm32f4_ada_tuto/Ada_Drivers_Library/arch/ARM/STM32/drivers/stm32-timers.ads
/home/am/WORK/github/stm32f4_ada_tuto/Ada_Drivers_Library/arch/ARM/STM32/drivers/stm32-dac.ads
/home/am/WORK/github/stm32f4_ada_tuto/Ada_Drivers_Library/arch/ARM/STM32/svd/stm32f40x/stm32_svd-dac.ads
/home/am/WORK/github/stm32f4_ada_tuto/Ada_Drivers_Library/arch/ARM/STM32/drivers/i2c_stm32f4/stm32-i2c.ads
/home/am/WORK/github/stm32f4_ada_tuto/Ada_Drivers_Library/arch/ARM/STM32/svd/stm32f40x/stm32_svd-i2c.ads
/home/am/WORK/github/stm32f4_ada_tuto/Ada_Drivers_Library/hal/src/hal-i2c.ads
/home/am/WORK/github/stm32f4_ada_tuto/Ada_Drivers_Library/arch/ARM/STM32/drivers/i2c_stm32f4/stm32-i2c-dma.ads
/home/am/WORK/github/stm32f4_ada_tuto/Ada_Drivers_Library/arch/ARM/STM32/drivers/stm32-rtc.ads
/home/am/WORK/github/stm32f4_ada_tuto/Ada_Drivers_Library/hal/src/hal-real_time_clock.ads
/home/am/WORK/github/stm32f4_ada_tuto/Ada_Drivers_Library/arch/ARM/STM32/drivers/crc_stm32f4/stm32-crc.ads
/home/am/WORK/github/stm32f4_ada_tuto/Ada_Drivers_Library/arch/ARM/STM32/svd/stm32f40x/stm32_svd-crc.ads
/home/am/WORK/github/stm32f4_ada_tuto/Ada_Drivers_Library/arch/ARM/STM32/drivers/sd/stm32-sdmmc.ads
/home/am/WORK/github/stm32f4_ada_tuto/Ada_Drivers_Library/arch/ARM/STM32/drivers/sd/sdio/sdmmc_svd_periph.ads
/home/am/WORK/github/stm32f4_ada_tuto/Ada_Drivers_Library/hal/src/hal-sdmmc.ads
/home/am/WORK/github/stm32f4_ada_tuto/Ada_Drivers_Library/hal/src/hal-block_drivers.ads
/home/am/WORK/github/stm32f4_ada_tuto/Ada_Drivers_Library/arch/ARM/STM32/drivers/sd/stm32-sdmmc_interrupt.ads
/home/am/WORK/github/stm32f4_ada_tuto/Ada_Drivers_Library/components/src/motion/lis3dsh/lis3dsh.ads
/home/am/WORK/github/stm32f4_ada_tuto/Ada_Drivers_Library/components/src/motion/lis3dsh/lis3dsh-spi.ads
/home/am/local/gnat_arm_elf_12.2.1_9be2ca0e/arm-eabi/lib/gnat/light-tasking-stm32f4/gnarl/a-intnam.ads
/home/am/WORK/github/stm32f4_ada_tuto/Ada_Drivers_Library/components/src/audio/CS43L22/cs43l22.ads
/home/am/WORK/github/stm32f4_ada_tuto/Ada_Drivers_Library/hal/src/hal-time.ads
/home/am/WORK/github/stm32f4_ada_tuto/Ada_Drivers_Library/middleware/src/ravenscar-common/ravenscar_time.ads
/home/am/WORK/github/stm32f4_ada_tuto/07_USART_with_spark/src/arch/serial.ads
/home/am/local/gnat_arm_elf_12.2.1_9be2ca0e/arm-eabi/lib/gnat/light-tasking-stm32f4/gnat/s-unstyp.ads
