Summary of SPARK analysis
=========================

-------------------------------------------------------------------------------------------
SPARK Analysis results        Total      Flow   CodePeer     Provers   Justified   Unproved
-------------------------------------------------------------------------------------------
Data Dependencies                 .         .          .           .           .          .
Flow Dependencies                 .         .          .           .           .          .
Initialization                    6         .          .           .           .          6
Non-Aliasing                      .         .          .           .           .          .
Run-time Checks                   5         .          .    4 (CVC4)           .          1
Assertions                        .         .          .           .           .          .
Functional Contracts              .         .          .           .           .          .
LSP Verification                  .         .          .           .           .          .
Termination                       .         .          .           .           .          .
Concurrency                       .         .          .           .           .          .
-------------------------------------------------------------------------------------------
Total                            11         .          .     4 (36%)           .    7 (64%)


max steps used for successful proof: 1

Analyzed 3 units
in unit board, 0 subprograms and packages out of 4 analyzed
  board at board.ads:2 skipped; body is SPARK_Mode => Off
  board.init at board.ads:6 skipped; body is SPARK_Mode => Off
  board.put at board.ads:7 skipped; body is SPARK_Mode => Off
  board.toggle_green_led at board.ads:8 skipped; body is SPARK_Mode => Off
in unit last_chance_handler, 0 subprograms and packages out of 2 analyzed
  Last_Chance_Handler at last_chance_handler.ads:4 skipped; body is SPARK_Mode => Off
  Last_Chance_Handler.Last_Chance_Handler at last_chance_handler.ads:8 skipped; body is SPARK_Mode => Off
in unit main, 1 subprograms and packages out of 1 analyzed
  main at main.adb:7 flow analyzed (0 errors, 6 checks, 0 warnings and 0 pragma Assume statements) and not proved, 4 checks out of 5 proved
