
[01m[Kmain.adb:16:09: [m[K[01;31m[Kmedium:[m[K "stm32.board.all_leds" might not be initialized after elaboration of main program "main"
   16 |   [01;31m[Kboard.init[m[K;
      |   [01;31m[K~~~~~^~~~~[m[K

[01m[Kmain.adb:16:09: [m[K[01;31m[Kmedium:[m[K "stm32.device.pb6" might not be initialized after elaboration of main program "main"
   16 |   [01;31m[Kboard.init[m[K;
      |   [01;31m[K~~~~~^~~~~[m[K

[01m[Kmain.adb:16:09: [m[K[01;31m[Kmedium:[m[K "stm32.device.pb7" might not be initialized after elaboration of main program "main"
   16 |   [01;31m[Kboard.init[m[K;
      |   [01;31m[K~~~~~^~~~~[m[K

[01m[Kmain.adb:16:09: [m[K[01;31m[Kmedium:[m[K "stm32.device.usart_1" might not be initialized after elaboration of main program "main"
   16 |   [01;31m[Kboard.init[m[K;
      |   [01;31m[K~~~~~^~~~~[m[K

[01m[Kmain.adb:16:09: [m[K[01;31m[Kmedium:[m[K "memory accessed through objects of access type" might not be initialized after elaboration of main program "main"
   16 |   [01;31m[Kboard.init[m[K;
      |   [01;31m[K~~~~~^~~~~[m[K

[01m[Kmain.adb:22:12: [m[K[01;31m[Kmedium:[m[K "stm32.device.pd12" might not be initialized after elaboration of main program "main"
   22 |      [01;31m[Kboard.toggle_green_led[m[K;
      |      [01;31m[K~~~~~^~~~~~~~~~~~~~~~~[m[K

[01m[Kmain.adb:26:26: [m[K[01;31m[Kmedium:[m[K range check might fail, cannot prove upper bound for counter + 1
   26 |      counter := [01;31m[Kcounter + 1[m[K;
      |                 [01;31m[K~~~~~~~~^~~[m[K
  [01;36m[Kreason for check: [m[Kresult of addition must fit in the target type of the assignment
  [01;36m[Kpossible fix: [m[Kloop at line 18 should mention counter in a loop invariant
   18 |   loop
      |   [01;36m[K^ here[m[K
