/home/am/local/gnat_arm_elf_12.2.1_9be2ca0e/arm-eabi/lib/gnat/light-tasking-stm32f4/gnat/system.ads
/home/am/WORK/github/stm32f4_ada_tuto/07_USART_with_spark/src/main.adb
/home/am/WORK/github/stm32f4_ada_tuto/07_USART_with_spark/src/arch/last_chance_handler.ads
/home/am/WORK/github/stm32f4_ada_tuto/07_USART_with_spark/src/arch/board.ads
/home/am/local/gnat_arm_elf_12.2.1_9be2ca0e/arm-eabi/lib/gnat/light-tasking-stm32f4/gnarl/s-tarest.ads
/home/am/local/gnat_arm_elf_12.2.1_9be2ca0e/arm-eabi/lib/gnat/light-tasking-stm32f4/gnarl/s-tasres.ads
/home/am/local/gnat_arm_elf_12.2.1_9be2ca0e/arm-eabi/lib/gnat/light-tasking-stm32f4/gnarl/s-taskin.ads
/home/am/local/gnat_arm_elf_12.2.1_9be2ca0e/arm-eabi/lib/gnat/light-tasking-stm32f4/gnat/ada.ads
/home/am/local/gnat_arm_elf_12.2.1_9be2ca0e/arm-eabi/lib/gnat/light-tasking-stm32f4/gnat/a-unccon.ads
/home/am/local/gnat_arm_elf_12.2.1_9be2ca0e/arm-eabi/lib/gnat/light-tasking-stm32f4/gnarl/s-multip.ads
/home/am/local/gnat_arm_elf_12.2.1_9be2ca0e/arm-eabi/lib/gnat/light-tasking-stm32f4/gnat/s-bb.ads
/home/am/local/gnat_arm_elf_12.2.1_9be2ca0e/arm-eabi/lib/gnat/light-tasking-stm32f4/gnat/s-bbpara.ads
/home/am/local/gnat_arm_elf_12.2.1_9be2ca0e/arm-eabi/lib/gnat/light-tasking-stm32f4/gnat/s-stm32.ads
/home/am/local/gnat_arm_elf_12.2.1_9be2ca0e/arm-eabi/lib/gnat/light-tasking-stm32f4/gnat/interfac.ads
/home/am/local/gnat_arm_elf_12.2.1_9be2ca0e/arm-eabi/lib/gnat/light-tasking-stm32f4/gnat/i-stm32.ads
/home/am/local/gnat_arm_elf_12.2.1_9be2ca0e/arm-eabi/lib/gnat/light-tasking-stm32f4/gnat/s-bbbopa.ads
/home/am/local/gnat_arm_elf_12.2.1_9be2ca0e/arm-eabi/lib/gnat/light-tasking-stm32f4/gnat/s-bbmcpa.ads
/home/am/local/gnat_arm_elf_12.2.1_9be2ca0e/arm-eabi/lib/gnat/light-tasking-stm32f4/gnat/i-stm32-pwr.ads
/home/am/local/gnat_arm_elf_12.2.1_9be2ca0e/arm-eabi/lib/gnat/light-tasking-stm32f4/gnat/s-parame.ads
/home/am/local/gnat_arm_elf_12.2.1_9be2ca0e/arm-eabi/lib/gnat/light-tasking-stm32f4/gnat/s-secsta.ads
/home/am/local/gnat_arm_elf_12.2.1_9be2ca0e/arm-eabi/lib/gnat/light-tasking-stm32f4/gnat/s-stoele.ads
/home/am/local/gnat_arm_elf_12.2.1_9be2ca0e/arm-eabi/lib/gnat/light-tasking-stm32f4/gnarl/s-tasinf.ads
/home/am/local/gnat_arm_elf_12.2.1_9be2ca0e/arm-eabi/lib/gnat/light-tasking-stm32f4/gnarl/s-taspri.ads
/home/am/local/gnat_arm_elf_12.2.1_9be2ca0e/arm-eabi/lib/gnat/light-tasking-stm32f4/gnarl/s-osinte.ads
/home/am/local/gnat_arm_elf_12.2.1_9be2ca0e/arm-eabi/lib/gnat/light-tasking-stm32f4/gnarl/s-bbthre.ads
/home/am/local/gnat_arm_elf_12.2.1_9be2ca0e/arm-eabi/lib/gnat/light-tasking-stm32f4/gnarl/s-bbcppr.ads
/home/am/local/gnat_arm_elf_12.2.1_9be2ca0e/arm-eabi/lib/gnat/light-tasking-stm32f4/gnarl/s-bbtime.ads
/home/am/local/gnat_arm_elf_12.2.1_9be2ca0e/arm-eabi/lib/gnat/light-tasking-stm32f4/gnarl/s-bbbosu.ads
/home/am/local/gnat_arm_elf_12.2.1_9be2ca0e/arm-eabi/lib/gnat/light-tasking-stm32f4/gnarl/s-bbinte.ads
/home/am/local/gnat_arm_elf_12.2.1_9be2ca0e/arm-eabi/lib/gnat/light-tasking-stm32f4/gnarl/s-bbthqu.ads
